2020-06-03 16:41:54,355 [WARNING] From /home/jr/Desktop/Branches/chemopt/chemopt/rnn.py:100: MultiRNNCell.__init__ (from tensorflow.python.ops.rnn_cell_impl) is deprecated and will be removed in a future version.
Instructions for updating:
This class is equivalent as tf.keras.layers.StackedRNNCells, and will be replaced by that in Tensorflow 2.0.
2020-06-03 16:41:54,420 [WARNING] From /home/jr/anaconda3/envs/chemopt/lib/python3.7/site-packages/tensorflow/python/framework/op_def_library.py:263: colocate_with (from tensorflow.python.framework.ops) is deprecated and will be removed in a future version.
Instructions for updating:
Colocations handled automatically by placer.
2020-06-03 16:41:54,532 [WARNING] From /home/jr/Desktop/Branches/chemopt/chemopt/rnn.py:118: MultivariateNormalTriL.__init__ (from tensorflow.contrib.distributions.python.ops.mvn_tril) is deprecated and will be removed after 2018-10-01.
Instructions for updating:
The TensorFlow Distributions library has moved to TensorFlow Probability (https://github.com/tensorflow/probability). You should update all references to use `tfp.distributions` instead of `tf.contrib.distributions`.
2020-06-03 16:41:54,536 [WARNING] From /home/jr/anaconda3/envs/chemopt/lib/python3.7/site-packages/tensorflow/contrib/distributions/python/ops/mvn_tril.py:222: MultivariateNormalLinearOperator.__init__ (from tensorflow.contrib.distributions.python.ops.mvn_linear_operator) is deprecated and will be removed after 2018-10-01.
Instructions for updating:
The TensorFlow Distributions library has moved to TensorFlow Probability (https://github.com/tensorflow/probability). You should update all references to use `tfp.distributions` instead of `tf.contrib.distributions`.
2020-06-03 16:41:54,542 [WARNING] From /home/jr/anaconda3/envs/chemopt/lib/python3.7/site-packages/tensorflow/contrib/distributions/python/ops/mvn_linear_operator.py:199: Normal.__init__ (from tensorflow.python.ops.distributions.normal) is deprecated and will be removed after 2019-01-01.
Instructions for updating:
The TensorFlow Distributions library has moved to TensorFlow Probability (https://github.com/tensorflow/probability). You should update all references to use `tfp.distributions` instead of `tf.distributions`.
2020-06-03 16:41:54,545 [WARNING] From /home/jr/anaconda3/envs/chemopt/lib/python3.7/site-packages/tensorflow/python/ops/distributions/normal.py:160: Distribution.__init__ (from tensorflow.python.ops.distributions.distribution) is deprecated and will be removed after 2019-01-01.
Instructions for updating:
The TensorFlow Distributions library has moved to TensorFlow Probability (https://github.com/tensorflow/probability). You should update all references to use `tfp.distributions` instead of `tf.distributions`.
2020-06-03 16:41:54,546 [WARNING] From /home/jr/anaconda3/envs/chemopt/lib/python3.7/site-packages/tensorflow/contrib/distributions/python/ops/mvn_linear_operator.py:201: AffineLinearOperator.__init__ (from tensorflow.contrib.distributions.python.ops.bijectors.affine_linear_operator) is deprecated and will be removed after 2018-10-01.
Instructions for updating:
The TensorFlow Distributions library has moved to TensorFlow Probability (https://github.com/tensorflow/probability). You should update all references to use `tfp.distributions` instead of `tf.contrib.distributions`.
2020-06-03 16:41:54,547 [WARNING] From /home/jr/anaconda3/envs/chemopt/lib/python3.7/site-packages/tensorflow/contrib/distributions/python/ops/bijectors/affine_linear_operator.py:158: _DistributionShape.__init__ (from tensorflow.contrib.distributions.python.ops.shape) is deprecated and will be removed after 2018-10-01.
Instructions for updating:
The TensorFlow Distributions library has moved to TensorFlow Probability (https://github.com/tensorflow/probability). You should update all references to use `tfp.distributions` instead of `tf.contrib.distributions`.
2020-06-03 16:41:54,552 [WARNING] From /home/jr/anaconda3/envs/chemopt/lib/python3.7/site-packages/tensorflow/contrib/distributions/python/ops/mvn_linear_operator.py:205: TransformedDistribution.__init__ (from tensorflow.python.ops.distributions.transformed_distribution) is deprecated and will be removed after 2019-01-01.
Instructions for updating:
The TensorFlow Distributions library has moved to TensorFlow Probability (https://github.com/tensorflow/probability). You should update all references to use `tfp.distributions` instead of `tf.distributions`.
2020-06-03 16:41:54,795 [INFO] Reading model parameters from ./save/1-5999.
2020-06-03 16:41:54,796 [WARNING] From /home/jr/anaconda3/envs/chemopt/lib/python3.7/site-packages/tensorflow/python/training/saver.py:1266: checkpoint_exists (from tensorflow.python.training.checkpoint_management) is deprecated and will be removed in a future version.
Instructions for updating:
Use standard file APIs to check for files with this prefix.
2020-06-03 16:41:54,799 [INFO] Restoring parameters from ./save/1-5999
2020-06-03 16:59:41,944 [WARNING] From /home/jr/Desktop/Branches/chemopt/chemopt/rnn.py:100: MultiRNNCell.__init__ (from tensorflow.python.ops.rnn_cell_impl) is deprecated and will be removed in a future version.
Instructions for updating:
This class is equivalent as tf.keras.layers.StackedRNNCells, and will be replaced by that in Tensorflow 2.0.
2020-06-03 16:59:41,999 [WARNING] From /home/jr/anaconda3/envs/chemopt/lib/python3.7/site-packages/tensorflow/python/framework/op_def_library.py:263: colocate_with (from tensorflow.python.framework.ops) is deprecated and will be removed in a future version.
Instructions for updating:
Colocations handled automatically by placer.
2020-06-03 16:59:42,096 [WARNING] From /home/jr/Desktop/Branches/chemopt/chemopt/rnn.py:118: MultivariateNormalTriL.__init__ (from tensorflow.contrib.distributions.python.ops.mvn_tril) is deprecated and will be removed after 2018-10-01.
Instructions for updating:
The TensorFlow Distributions library has moved to TensorFlow Probability (https://github.com/tensorflow/probability). You should update all references to use `tfp.distributions` instead of `tf.contrib.distributions`.
2020-06-03 16:59:42,100 [WARNING] From /home/jr/anaconda3/envs/chemopt/lib/python3.7/site-packages/tensorflow/contrib/distributions/python/ops/mvn_tril.py:222: MultivariateNormalLinearOperator.__init__ (from tensorflow.contrib.distributions.python.ops.mvn_linear_operator) is deprecated and will be removed after 2018-10-01.
Instructions for updating:
The TensorFlow Distributions library has moved to TensorFlow Probability (https://github.com/tensorflow/probability). You should update all references to use `tfp.distributions` instead of `tf.contrib.distributions`.
2020-06-03 16:59:42,105 [WARNING] From /home/jr/anaconda3/envs/chemopt/lib/python3.7/site-packages/tensorflow/contrib/distributions/python/ops/mvn_linear_operator.py:199: Normal.__init__ (from tensorflow.python.ops.distributions.normal) is deprecated and will be removed after 2019-01-01.
Instructions for updating:
The TensorFlow Distributions library has moved to TensorFlow Probability (https://github.com/tensorflow/probability). You should update all references to use `tfp.distributions` instead of `tf.distributions`.
2020-06-03 16:59:42,107 [WARNING] From /home/jr/anaconda3/envs/chemopt/lib/python3.7/site-packages/tensorflow/python/ops/distributions/normal.py:160: Distribution.__init__ (from tensorflow.python.ops.distributions.distribution) is deprecated and will be removed after 2019-01-01.
Instructions for updating:
The TensorFlow Distributions library has moved to TensorFlow Probability (https://github.com/tensorflow/probability). You should update all references to use `tfp.distributions` instead of `tf.distributions`.
2020-06-03 16:59:42,108 [WARNING] From /home/jr/anaconda3/envs/chemopt/lib/python3.7/site-packages/tensorflow/contrib/distributions/python/ops/mvn_linear_operator.py:201: AffineLinearOperator.__init__ (from tensorflow.contrib.distributions.python.ops.bijectors.affine_linear_operator) is deprecated and will be removed after 2018-10-01.
Instructions for updating:
The TensorFlow Distributions library has moved to TensorFlow Probability (https://github.com/tensorflow/probability). You should update all references to use `tfp.distributions` instead of `tf.contrib.distributions`.
2020-06-03 16:59:42,109 [WARNING] From /home/jr/anaconda3/envs/chemopt/lib/python3.7/site-packages/tensorflow/contrib/distributions/python/ops/bijectors/affine_linear_operator.py:158: _DistributionShape.__init__ (from tensorflow.contrib.distributions.python.ops.shape) is deprecated and will be removed after 2018-10-01.
Instructions for updating:
The TensorFlow Distributions library has moved to TensorFlow Probability (https://github.com/tensorflow/probability). You should update all references to use `tfp.distributions` instead of `tf.contrib.distributions`.
2020-06-03 16:59:42,113 [WARNING] From /home/jr/anaconda3/envs/chemopt/lib/python3.7/site-packages/tensorflow/contrib/distributions/python/ops/mvn_linear_operator.py:205: TransformedDistribution.__init__ (from tensorflow.python.ops.distributions.transformed_distribution) is deprecated and will be removed after 2019-01-01.
Instructions for updating:
The TensorFlow Distributions library has moved to TensorFlow Probability (https://github.com/tensorflow/probability). You should update all references to use `tfp.distributions` instead of `tf.distributions`.
2020-06-03 16:59:42,326 [INFO] Reading model parameters from ./save/1-5999.
2020-06-03 16:59:42,326 [WARNING] From /home/jr/anaconda3/envs/chemopt/lib/python3.7/site-packages/tensorflow/python/training/saver.py:1266: checkpoint_exists (from tensorflow.python.training.checkpoint_management) is deprecated and will be removed in a future version.
Instructions for updating:
Use standard file APIs to check for files with this prefix.
2020-06-03 16:59:42,329 [INFO] Restoring parameters from ./save/1-5999
2020-06-03 17:18:41,693 [WARNING] From /home/jr/Desktop/Branches/chemopt/chemopt/rnn.py:100: MultiRNNCell.__init__ (from tensorflow.python.ops.rnn_cell_impl) is deprecated and will be removed in a future version.
Instructions for updating:
This class is equivalent as tf.keras.layers.StackedRNNCells, and will be replaced by that in Tensorflow 2.0.
2020-06-03 17:18:41,747 [WARNING] From /home/jr/anaconda3/envs/chemopt/lib/python3.7/site-packages/tensorflow/python/framework/op_def_library.py:263: colocate_with (from tensorflow.python.framework.ops) is deprecated and will be removed in a future version.
Instructions for updating:
Colocations handled automatically by placer.
2020-06-03 17:18:41,862 [WARNING] From /home/jr/Desktop/Branches/chemopt/chemopt/rnn.py:118: MultivariateNormalTriL.__init__ (from tensorflow.contrib.distributions.python.ops.mvn_tril) is deprecated and will be removed after 2018-10-01.
Instructions for updating:
The TensorFlow Distributions library has moved to TensorFlow Probability (https://github.com/tensorflow/probability). You should update all references to use `tfp.distributions` instead of `tf.contrib.distributions`.
2020-06-03 17:18:41,865 [WARNING] From /home/jr/anaconda3/envs/chemopt/lib/python3.7/site-packages/tensorflow/contrib/distributions/python/ops/mvn_tril.py:222: MultivariateNormalLinearOperator.__init__ (from tensorflow.contrib.distributions.python.ops.mvn_linear_operator) is deprecated and will be removed after 2018-10-01.
Instructions for updating:
The TensorFlow Distributions library has moved to TensorFlow Probability (https://github.com/tensorflow/probability). You should update all references to use `tfp.distributions` instead of `tf.contrib.distributions`.
2020-06-03 17:18:41,871 [WARNING] From /home/jr/anaconda3/envs/chemopt/lib/python3.7/site-packages/tensorflow/contrib/distributions/python/ops/mvn_linear_operator.py:199: Normal.__init__ (from tensorflow.python.ops.distributions.normal) is deprecated and will be removed after 2019-01-01.
Instructions for updating:
The TensorFlow Distributions library has moved to TensorFlow Probability (https://github.com/tensorflow/probability). You should update all references to use `tfp.distributions` instead of `tf.distributions`.
2020-06-03 17:18:41,873 [WARNING] From /home/jr/anaconda3/envs/chemopt/lib/python3.7/site-packages/tensorflow/python/ops/distributions/normal.py:160: Distribution.__init__ (from tensorflow.python.ops.distributions.distribution) is deprecated and will be removed after 2019-01-01.
Instructions for updating:
The TensorFlow Distributions library has moved to TensorFlow Probability (https://github.com/tensorflow/probability). You should update all references to use `tfp.distributions` instead of `tf.distributions`.
2020-06-03 17:18:41,873 [WARNING] From /home/jr/anaconda3/envs/chemopt/lib/python3.7/site-packages/tensorflow/contrib/distributions/python/ops/mvn_linear_operator.py:201: AffineLinearOperator.__init__ (from tensorflow.contrib.distributions.python.ops.bijectors.affine_linear_operator) is deprecated and will be removed after 2018-10-01.
Instructions for updating:
The TensorFlow Distributions library has moved to TensorFlow Probability (https://github.com/tensorflow/probability). You should update all references to use `tfp.distributions` instead of `tf.contrib.distributions`.
2020-06-03 17:18:41,874 [WARNING] From /home/jr/anaconda3/envs/chemopt/lib/python3.7/site-packages/tensorflow/contrib/distributions/python/ops/bijectors/affine_linear_operator.py:158: _DistributionShape.__init__ (from tensorflow.contrib.distributions.python.ops.shape) is deprecated and will be removed after 2018-10-01.
Instructions for updating:
The TensorFlow Distributions library has moved to TensorFlow Probability (https://github.com/tensorflow/probability). You should update all references to use `tfp.distributions` instead of `tf.contrib.distributions`.
2020-06-03 17:18:41,878 [WARNING] From /home/jr/anaconda3/envs/chemopt/lib/python3.7/site-packages/tensorflow/contrib/distributions/python/ops/mvn_linear_operator.py:205: TransformedDistribution.__init__ (from tensorflow.python.ops.distributions.transformed_distribution) is deprecated and will be removed after 2019-01-01.
Instructions for updating:
The TensorFlow Distributions library has moved to TensorFlow Probability (https://github.com/tensorflow/probability). You should update all references to use `tfp.distributions` instead of `tf.distributions`.
2020-06-03 17:18:42,071 [INFO] Reading model parameters from ./save/1-5999.
2020-06-03 17:18:42,071 [WARNING] From /home/jr/anaconda3/envs/chemopt/lib/python3.7/site-packages/tensorflow/python/training/saver.py:1266: checkpoint_exists (from tensorflow.python.training.checkpoint_management) is deprecated and will be removed in a future version.
Instructions for updating:
Use standard file APIs to check for files with this prefix.
2020-06-03 17:18:42,073 [INFO] Restoring parameters from ./save/1-5999
2020-06-03 17:21:43,415 [WARNING] From /home/jr/Desktop/Branches/chemopt/chemopt/rnn.py:100: MultiRNNCell.__init__ (from tensorflow.python.ops.rnn_cell_impl) is deprecated and will be removed in a future version.
Instructions for updating:
This class is equivalent as tf.keras.layers.StackedRNNCells, and will be replaced by that in Tensorflow 2.0.
2020-06-03 17:21:43,466 [WARNING] From /home/jr/anaconda3/envs/chemopt/lib/python3.7/site-packages/tensorflow/python/framework/op_def_library.py:263: colocate_with (from tensorflow.python.framework.ops) is deprecated and will be removed in a future version.
Instructions for updating:
Colocations handled automatically by placer.
2020-06-03 17:21:43,565 [WARNING] From /home/jr/Desktop/Branches/chemopt/chemopt/rnn.py:118: MultivariateNormalTriL.__init__ (from tensorflow.contrib.distributions.python.ops.mvn_tril) is deprecated and will be removed after 2018-10-01.
Instructions for updating:
The TensorFlow Distributions library has moved to TensorFlow Probability (https://github.com/tensorflow/probability). You should update all references to use `tfp.distributions` instead of `tf.contrib.distributions`.
2020-06-03 17:21:43,569 [WARNING] From /home/jr/anaconda3/envs/chemopt/lib/python3.7/site-packages/tensorflow/contrib/distributions/python/ops/mvn_tril.py:222: MultivariateNormalLinearOperator.__init__ (from tensorflow.contrib.distributions.python.ops.mvn_linear_operator) is deprecated and will be removed after 2018-10-01.
Instructions for updating:
The TensorFlow Distributions library has moved to TensorFlow Probability (https://github.com/tensorflow/probability). You should update all references to use `tfp.distributions` instead of `tf.contrib.distributions`.
2020-06-03 17:21:43,575 [WARNING] From /home/jr/anaconda3/envs/chemopt/lib/python3.7/site-packages/tensorflow/contrib/distributions/python/ops/mvn_linear_operator.py:199: Normal.__init__ (from tensorflow.python.ops.distributions.normal) is deprecated and will be removed after 2019-01-01.
Instructions for updating:
The TensorFlow Distributions library has moved to TensorFlow Probability (https://github.com/tensorflow/probability). You should update all references to use `tfp.distributions` instead of `tf.distributions`.
2020-06-03 17:21:43,584 [WARNING] From /home/jr/anaconda3/envs/chemopt/lib/python3.7/site-packages/tensorflow/python/ops/distributions/normal.py:160: Distribution.__init__ (from tensorflow.python.ops.distributions.distribution) is deprecated and will be removed after 2019-01-01.
Instructions for updating:
The TensorFlow Distributions library has moved to TensorFlow Probability (https://github.com/tensorflow/probability). You should update all references to use `tfp.distributions` instead of `tf.distributions`.
2020-06-03 17:21:43,585 [WARNING] From /home/jr/anaconda3/envs/chemopt/lib/python3.7/site-packages/tensorflow/contrib/distributions/python/ops/mvn_linear_operator.py:201: AffineLinearOperator.__init__ (from tensorflow.contrib.distributions.python.ops.bijectors.affine_linear_operator) is deprecated and will be removed after 2018-10-01.
Instructions for updating:
The TensorFlow Distributions library has moved to TensorFlow Probability (https://github.com/tensorflow/probability). You should update all references to use `tfp.distributions` instead of `tf.contrib.distributions`.
2020-06-03 17:21:43,586 [WARNING] From /home/jr/anaconda3/envs/chemopt/lib/python3.7/site-packages/tensorflow/contrib/distributions/python/ops/bijectors/affine_linear_operator.py:158: _DistributionShape.__init__ (from tensorflow.contrib.distributions.python.ops.shape) is deprecated and will be removed after 2018-10-01.
Instructions for updating:
The TensorFlow Distributions library has moved to TensorFlow Probability (https://github.com/tensorflow/probability). You should update all references to use `tfp.distributions` instead of `tf.contrib.distributions`.
2020-06-03 17:21:43,589 [WARNING] From /home/jr/anaconda3/envs/chemopt/lib/python3.7/site-packages/tensorflow/contrib/distributions/python/ops/mvn_linear_operator.py:205: TransformedDistribution.__init__ (from tensorflow.python.ops.distributions.transformed_distribution) is deprecated and will be removed after 2019-01-01.
Instructions for updating:
The TensorFlow Distributions library has moved to TensorFlow Probability (https://github.com/tensorflow/probability). You should update all references to use `tfp.distributions` instead of `tf.distributions`.
2020-06-03 17:21:43,777 [INFO] Reading model parameters from ./save/1-5999.
2020-06-03 17:21:43,778 [WARNING] From /home/jr/anaconda3/envs/chemopt/lib/python3.7/site-packages/tensorflow/python/training/saver.py:1266: checkpoint_exists (from tensorflow.python.training.checkpoint_management) is deprecated and will be removed in a future version.
Instructions for updating:
Use standard file APIs to check for files with this prefix.
2020-06-03 17:21:43,780 [INFO] Restoring parameters from ./save/1-5999
2020-06-03 17:26:04,415 [WARNING] From /home/jr/Desktop/Branches/chemopt/chemopt/rnn.py:100: MultiRNNCell.__init__ (from tensorflow.python.ops.rnn_cell_impl) is deprecated and will be removed in a future version.
Instructions for updating:
This class is equivalent as tf.keras.layers.StackedRNNCells, and will be replaced by that in Tensorflow 2.0.
2020-06-03 17:26:04,459 [WARNING] From /home/jr/anaconda3/envs/chemopt/lib/python3.7/site-packages/tensorflow/python/framework/op_def_library.py:263: colocate_with (from tensorflow.python.framework.ops) is deprecated and will be removed in a future version.
Instructions for updating:
Colocations handled automatically by placer.
2020-06-03 17:26:04,559 [WARNING] From /home/jr/Desktop/Branches/chemopt/chemopt/rnn.py:118: MultivariateNormalTriL.__init__ (from tensorflow.contrib.distributions.python.ops.mvn_tril) is deprecated and will be removed after 2018-10-01.
Instructions for updating:
The TensorFlow Distributions library has moved to TensorFlow Probability (https://github.com/tensorflow/probability). You should update all references to use `tfp.distributions` instead of `tf.contrib.distributions`.
2020-06-03 17:26:04,563 [WARNING] From /home/jr/anaconda3/envs/chemopt/lib/python3.7/site-packages/tensorflow/contrib/distributions/python/ops/mvn_tril.py:222: MultivariateNormalLinearOperator.__init__ (from tensorflow.contrib.distributions.python.ops.mvn_linear_operator) is deprecated and will be removed after 2018-10-01.
Instructions for updating:
The TensorFlow Distributions library has moved to TensorFlow Probability (https://github.com/tensorflow/probability). You should update all references to use `tfp.distributions` instead of `tf.contrib.distributions`.
2020-06-03 17:26:04,568 [WARNING] From /home/jr/anaconda3/envs/chemopt/lib/python3.7/site-packages/tensorflow/contrib/distributions/python/ops/mvn_linear_operator.py:199: Normal.__init__ (from tensorflow.python.ops.distributions.normal) is deprecated and will be removed after 2019-01-01.
Instructions for updating:
The TensorFlow Distributions library has moved to TensorFlow Probability (https://github.com/tensorflow/probability). You should update all references to use `tfp.distributions` instead of `tf.distributions`.
2020-06-03 17:26:04,570 [WARNING] From /home/jr/anaconda3/envs/chemopt/lib/python3.7/site-packages/tensorflow/python/ops/distributions/normal.py:160: Distribution.__init__ (from tensorflow.python.ops.distributions.distribution) is deprecated and will be removed after 2019-01-01.
Instructions for updating:
The TensorFlow Distributions library has moved to TensorFlow Probability (https://github.com/tensorflow/probability). You should update all references to use `tfp.distributions` instead of `tf.distributions`.
2020-06-03 17:26:04,571 [WARNING] From /home/jr/anaconda3/envs/chemopt/lib/python3.7/site-packages/tensorflow/contrib/distributions/python/ops/mvn_linear_operator.py:201: AffineLinearOperator.__init__ (from tensorflow.contrib.distributions.python.ops.bijectors.affine_linear_operator) is deprecated and will be removed after 2018-10-01.
Instructions for updating:
The TensorFlow Distributions library has moved to TensorFlow Probability (https://github.com/tensorflow/probability). You should update all references to use `tfp.distributions` instead of `tf.contrib.distributions`.
2020-06-03 17:26:04,571 [WARNING] From /home/jr/anaconda3/envs/chemopt/lib/python3.7/site-packages/tensorflow/contrib/distributions/python/ops/bijectors/affine_linear_operator.py:158: _DistributionShape.__init__ (from tensorflow.contrib.distributions.python.ops.shape) is deprecated and will be removed after 2018-10-01.
Instructions for updating:
The TensorFlow Distributions library has moved to TensorFlow Probability (https://github.com/tensorflow/probability). You should update all references to use `tfp.distributions` instead of `tf.contrib.distributions`.
2020-06-03 17:26:04,576 [WARNING] From /home/jr/anaconda3/envs/chemopt/lib/python3.7/site-packages/tensorflow/contrib/distributions/python/ops/mvn_linear_operator.py:205: TransformedDistribution.__init__ (from tensorflow.python.ops.distributions.transformed_distribution) is deprecated and will be removed after 2019-01-01.
Instructions for updating:
The TensorFlow Distributions library has moved to TensorFlow Probability (https://github.com/tensorflow/probability). You should update all references to use `tfp.distributions` instead of `tf.distributions`.
2020-06-03 17:26:04,764 [INFO] Reading model parameters from ./save/1-5999.
2020-06-03 17:26:04,764 [WARNING] From /home/jr/anaconda3/envs/chemopt/lib/python3.7/site-packages/tensorflow/python/training/saver.py:1266: checkpoint_exists (from tensorflow.python.training.checkpoint_management) is deprecated and will be removed in a future version.
Instructions for updating:
Use standard file APIs to check for files with this prefix.
2020-06-03 17:26:04,766 [INFO] Restoring parameters from ./save/1-5999
2020-06-03 17:28:18,892 [WARNING] From /home/jr/Desktop/Branches/chemopt/chemopt/rnn.py:100: MultiRNNCell.__init__ (from tensorflow.python.ops.rnn_cell_impl) is deprecated and will be removed in a future version.
Instructions for updating:
This class is equivalent as tf.keras.layers.StackedRNNCells, and will be replaced by that in Tensorflow 2.0.
2020-06-03 17:28:18,940 [WARNING] From /home/jr/anaconda3/envs/chemopt/lib/python3.7/site-packages/tensorflow/python/framework/op_def_library.py:263: colocate_with (from tensorflow.python.framework.ops) is deprecated and will be removed in a future version.
Instructions for updating:
Colocations handled automatically by placer.
2020-06-03 17:28:19,040 [WARNING] From /home/jr/Desktop/Branches/chemopt/chemopt/rnn.py:118: MultivariateNormalTriL.__init__ (from tensorflow.contrib.distributions.python.ops.mvn_tril) is deprecated and will be removed after 2018-10-01.
Instructions for updating:
The TensorFlow Distributions library has moved to TensorFlow Probability (https://github.com/tensorflow/probability). You should update all references to use `tfp.distributions` instead of `tf.contrib.distributions`.
2020-06-03 17:28:19,044 [WARNING] From /home/jr/anaconda3/envs/chemopt/lib/python3.7/site-packages/tensorflow/contrib/distributions/python/ops/mvn_tril.py:222: MultivariateNormalLinearOperator.__init__ (from tensorflow.contrib.distributions.python.ops.mvn_linear_operator) is deprecated and will be removed after 2018-10-01.
Instructions for updating:
The TensorFlow Distributions library has moved to TensorFlow Probability (https://github.com/tensorflow/probability). You should update all references to use `tfp.distributions` instead of `tf.contrib.distributions`.
2020-06-03 17:28:19,049 [WARNING] From /home/jr/anaconda3/envs/chemopt/lib/python3.7/site-packages/tensorflow/contrib/distributions/python/ops/mvn_linear_operator.py:199: Normal.__init__ (from tensorflow.python.ops.distributions.normal) is deprecated and will be removed after 2019-01-01.
Instructions for updating:
The TensorFlow Distributions library has moved to TensorFlow Probability (https://github.com/tensorflow/probability). You should update all references to use `tfp.distributions` instead of `tf.distributions`.
2020-06-03 17:28:19,052 [WARNING] From /home/jr/anaconda3/envs/chemopt/lib/python3.7/site-packages/tensorflow/python/ops/distributions/normal.py:160: Distribution.__init__ (from tensorflow.python.ops.distributions.distribution) is deprecated and will be removed after 2019-01-01.
Instructions for updating:
The TensorFlow Distributions library has moved to TensorFlow Probability (https://github.com/tensorflow/probability). You should update all references to use `tfp.distributions` instead of `tf.distributions`.
2020-06-03 17:28:19,052 [WARNING] From /home/jr/anaconda3/envs/chemopt/lib/python3.7/site-packages/tensorflow/contrib/distributions/python/ops/mvn_linear_operator.py:201: AffineLinearOperator.__init__ (from tensorflow.contrib.distributions.python.ops.bijectors.affine_linear_operator) is deprecated and will be removed after 2018-10-01.
Instructions for updating:
The TensorFlow Distributions library has moved to TensorFlow Probability (https://github.com/tensorflow/probability). You should update all references to use `tfp.distributions` instead of `tf.contrib.distributions`.
2020-06-03 17:28:19,053 [WARNING] From /home/jr/anaconda3/envs/chemopt/lib/python3.7/site-packages/tensorflow/contrib/distributions/python/ops/bijectors/affine_linear_operator.py:158: _DistributionShape.__init__ (from tensorflow.contrib.distributions.python.ops.shape) is deprecated and will be removed after 2018-10-01.
Instructions for updating:
The TensorFlow Distributions library has moved to TensorFlow Probability (https://github.com/tensorflow/probability). You should update all references to use `tfp.distributions` instead of `tf.contrib.distributions`.
2020-06-03 17:28:19,058 [WARNING] From /home/jr/anaconda3/envs/chemopt/lib/python3.7/site-packages/tensorflow/contrib/distributions/python/ops/mvn_linear_operator.py:205: TransformedDistribution.__init__ (from tensorflow.python.ops.distributions.transformed_distribution) is deprecated and will be removed after 2019-01-01.
Instructions for updating:
The TensorFlow Distributions library has moved to TensorFlow Probability (https://github.com/tensorflow/probability). You should update all references to use `tfp.distributions` instead of `tf.distributions`.
2020-06-03 17:30:31,945 [WARNING] From /home/jr/Desktop/Branches/chemopt/chemopt/rnn.py:100: MultiRNNCell.__init__ (from tensorflow.python.ops.rnn_cell_impl) is deprecated and will be removed in a future version.
Instructions for updating:
This class is equivalent as tf.keras.layers.StackedRNNCells, and will be replaced by that in Tensorflow 2.0.
2020-06-03 17:30:31,995 [WARNING] From /home/jr/anaconda3/envs/chemopt/lib/python3.7/site-packages/tensorflow/python/framework/op_def_library.py:263: colocate_with (from tensorflow.python.framework.ops) is deprecated and will be removed in a future version.
Instructions for updating:
Colocations handled automatically by placer.
2020-06-03 17:30:32,094 [WARNING] From /home/jr/Desktop/Branches/chemopt/chemopt/rnn.py:118: MultivariateNormalTriL.__init__ (from tensorflow.contrib.distributions.python.ops.mvn_tril) is deprecated and will be removed after 2018-10-01.
Instructions for updating:
The TensorFlow Distributions library has moved to TensorFlow Probability (https://github.com/tensorflow/probability). You should update all references to use `tfp.distributions` instead of `tf.contrib.distributions`.
2020-06-03 17:30:32,098 [WARNING] From /home/jr/anaconda3/envs/chemopt/lib/python3.7/site-packages/tensorflow/contrib/distributions/python/ops/mvn_tril.py:222: MultivariateNormalLinearOperator.__init__ (from tensorflow.contrib.distributions.python.ops.mvn_linear_operator) is deprecated and will be removed after 2018-10-01.
Instructions for updating:
The TensorFlow Distributions library has moved to TensorFlow Probability (https://github.com/tensorflow/probability). You should update all references to use `tfp.distributions` instead of `tf.contrib.distributions`.
2020-06-03 17:30:32,104 [WARNING] From /home/jr/anaconda3/envs/chemopt/lib/python3.7/site-packages/tensorflow/contrib/distributions/python/ops/mvn_linear_operator.py:199: Normal.__init__ (from tensorflow.python.ops.distributions.normal) is deprecated and will be removed after 2019-01-01.
Instructions for updating:
The TensorFlow Distributions library has moved to TensorFlow Probability (https://github.com/tensorflow/probability). You should update all references to use `tfp.distributions` instead of `tf.distributions`.
2020-06-03 17:30:32,108 [WARNING] From /home/jr/anaconda3/envs/chemopt/lib/python3.7/site-packages/tensorflow/python/ops/distributions/normal.py:160: Distribution.__init__ (from tensorflow.python.ops.distributions.distribution) is deprecated and will be removed after 2019-01-01.
Instructions for updating:
The TensorFlow Distributions library has moved to TensorFlow Probability (https://github.com/tensorflow/probability). You should update all references to use `tfp.distributions` instead of `tf.distributions`.
2020-06-03 17:30:32,109 [WARNING] From /home/jr/anaconda3/envs/chemopt/lib/python3.7/site-packages/tensorflow/contrib/distributions/python/ops/mvn_linear_operator.py:201: AffineLinearOperator.__init__ (from tensorflow.contrib.distributions.python.ops.bijectors.affine_linear_operator) is deprecated and will be removed after 2018-10-01.
Instructions for updating:
The TensorFlow Distributions library has moved to TensorFlow Probability (https://github.com/tensorflow/probability). You should update all references to use `tfp.distributions` instead of `tf.contrib.distributions`.
2020-06-03 17:30:32,110 [WARNING] From /home/jr/anaconda3/envs/chemopt/lib/python3.7/site-packages/tensorflow/contrib/distributions/python/ops/bijectors/affine_linear_operator.py:158: _DistributionShape.__init__ (from tensorflow.contrib.distributions.python.ops.shape) is deprecated and will be removed after 2018-10-01.
Instructions for updating:
The TensorFlow Distributions library has moved to TensorFlow Probability (https://github.com/tensorflow/probability). You should update all references to use `tfp.distributions` instead of `tf.contrib.distributions`.
2020-06-03 17:30:32,114 [WARNING] From /home/jr/anaconda3/envs/chemopt/lib/python3.7/site-packages/tensorflow/contrib/distributions/python/ops/mvn_linear_operator.py:205: TransformedDistribution.__init__ (from tensorflow.python.ops.distributions.transformed_distribution) is deprecated and will be removed after 2019-01-01.
Instructions for updating:
The TensorFlow Distributions library has moved to TensorFlow Probability (https://github.com/tensorflow/probability). You should update all references to use `tfp.distributions` instead of `tf.distributions`.
2020-06-03 17:31:52,679 [WARNING] From /home/jr/Desktop/Branches/chemopt/chemopt/rnn.py:100: MultiRNNCell.__init__ (from tensorflow.python.ops.rnn_cell_impl) is deprecated and will be removed in a future version.
Instructions for updating:
This class is equivalent as tf.keras.layers.StackedRNNCells, and will be replaced by that in Tensorflow 2.0.
2020-06-03 17:31:52,729 [WARNING] From /home/jr/anaconda3/envs/chemopt/lib/python3.7/site-packages/tensorflow/python/framework/op_def_library.py:263: colocate_with (from tensorflow.python.framework.ops) is deprecated and will be removed in a future version.
Instructions for updating:
Colocations handled automatically by placer.
2020-06-03 17:31:52,839 [WARNING] From /home/jr/Desktop/Branches/chemopt/chemopt/rnn.py:118: MultivariateNormalTriL.__init__ (from tensorflow.contrib.distributions.python.ops.mvn_tril) is deprecated and will be removed after 2018-10-01.
Instructions for updating:
The TensorFlow Distributions library has moved to TensorFlow Probability (https://github.com/tensorflow/probability). You should update all references to use `tfp.distributions` instead of `tf.contrib.distributions`.
2020-06-03 17:31:52,843 [WARNING] From /home/jr/anaconda3/envs/chemopt/lib/python3.7/site-packages/tensorflow/contrib/distributions/python/ops/mvn_tril.py:222: MultivariateNormalLinearOperator.__init__ (from tensorflow.contrib.distributions.python.ops.mvn_linear_operator) is deprecated and will be removed after 2018-10-01.
Instructions for updating:
The TensorFlow Distributions library has moved to TensorFlow Probability (https://github.com/tensorflow/probability). You should update all references to use `tfp.distributions` instead of `tf.contrib.distributions`.
2020-06-03 17:31:52,848 [WARNING] From /home/jr/anaconda3/envs/chemopt/lib/python3.7/site-packages/tensorflow/contrib/distributions/python/ops/mvn_linear_operator.py:199: Normal.__init__ (from tensorflow.python.ops.distributions.normal) is deprecated and will be removed after 2019-01-01.
Instructions for updating:
The TensorFlow Distributions library has moved to TensorFlow Probability (https://github.com/tensorflow/probability). You should update all references to use `tfp.distributions` instead of `tf.distributions`.
2020-06-03 17:31:52,850 [WARNING] From /home/jr/anaconda3/envs/chemopt/lib/python3.7/site-packages/tensorflow/python/ops/distributions/normal.py:160: Distribution.__init__ (from tensorflow.python.ops.distributions.distribution) is deprecated and will be removed after 2019-01-01.
Instructions for updating:
The TensorFlow Distributions library has moved to TensorFlow Probability (https://github.com/tensorflow/probability). You should update all references to use `tfp.distributions` instead of `tf.distributions`.
2020-06-03 17:31:52,851 [WARNING] From /home/jr/anaconda3/envs/chemopt/lib/python3.7/site-packages/tensorflow/contrib/distributions/python/ops/mvn_linear_operator.py:201: AffineLinearOperator.__init__ (from tensorflow.contrib.distributions.python.ops.bijectors.affine_linear_operator) is deprecated and will be removed after 2018-10-01.
Instructions for updating:
The TensorFlow Distributions library has moved to TensorFlow Probability (https://github.com/tensorflow/probability). You should update all references to use `tfp.distributions` instead of `tf.contrib.distributions`.
2020-06-03 17:31:52,851 [WARNING] From /home/jr/anaconda3/envs/chemopt/lib/python3.7/site-packages/tensorflow/contrib/distributions/python/ops/bijectors/affine_linear_operator.py:158: _DistributionShape.__init__ (from tensorflow.contrib.distributions.python.ops.shape) is deprecated and will be removed after 2018-10-01.
Instructions for updating:
The TensorFlow Distributions library has moved to TensorFlow Probability (https://github.com/tensorflow/probability). You should update all references to use `tfp.distributions` instead of `tf.contrib.distributions`.
2020-06-03 17:31:52,855 [WARNING] From /home/jr/anaconda3/envs/chemopt/lib/python3.7/site-packages/tensorflow/contrib/distributions/python/ops/mvn_linear_operator.py:205: TransformedDistribution.__init__ (from tensorflow.python.ops.distributions.transformed_distribution) is deprecated and will be removed after 2019-01-01.
Instructions for updating:
The TensorFlow Distributions library has moved to TensorFlow Probability (https://github.com/tensorflow/probability). You should update all references to use `tfp.distributions` instead of `tf.distributions`.
2020-06-03 17:33:33,399 [WARNING] From /home/jr/Desktop/Branches/chemopt/chemopt/rnn.py:100: MultiRNNCell.__init__ (from tensorflow.python.ops.rnn_cell_impl) is deprecated and will be removed in a future version.
Instructions for updating:
This class is equivalent as tf.keras.layers.StackedRNNCells, and will be replaced by that in Tensorflow 2.0.
2020-06-03 17:33:33,442 [WARNING] From /home/jr/anaconda3/envs/chemopt/lib/python3.7/site-packages/tensorflow/python/framework/op_def_library.py:263: colocate_with (from tensorflow.python.framework.ops) is deprecated and will be removed in a future version.
Instructions for updating:
Colocations handled automatically by placer.
2020-06-03 17:33:33,540 [WARNING] From /home/jr/Desktop/Branches/chemopt/chemopt/rnn.py:118: MultivariateNormalTriL.__init__ (from tensorflow.contrib.distributions.python.ops.mvn_tril) is deprecated and will be removed after 2018-10-01.
Instructions for updating:
The TensorFlow Distributions library has moved to TensorFlow Probability (https://github.com/tensorflow/probability). You should update all references to use `tfp.distributions` instead of `tf.contrib.distributions`.
2020-06-03 17:33:33,543 [WARNING] From /home/jr/anaconda3/envs/chemopt/lib/python3.7/site-packages/tensorflow/contrib/distributions/python/ops/mvn_tril.py:222: MultivariateNormalLinearOperator.__init__ (from tensorflow.contrib.distributions.python.ops.mvn_linear_operator) is deprecated and will be removed after 2018-10-01.
Instructions for updating:
The TensorFlow Distributions library has moved to TensorFlow Probability (https://github.com/tensorflow/probability). You should update all references to use `tfp.distributions` instead of `tf.contrib.distributions`.
2020-06-03 17:33:33,549 [WARNING] From /home/jr/anaconda3/envs/chemopt/lib/python3.7/site-packages/tensorflow/contrib/distributions/python/ops/mvn_linear_operator.py:199: Normal.__init__ (from tensorflow.python.ops.distributions.normal) is deprecated and will be removed after 2019-01-01.
Instructions for updating:
The TensorFlow Distributions library has moved to TensorFlow Probability (https://github.com/tensorflow/probability). You should update all references to use `tfp.distributions` instead of `tf.distributions`.
2020-06-03 17:33:33,551 [WARNING] From /home/jr/anaconda3/envs/chemopt/lib/python3.7/site-packages/tensorflow/python/ops/distributions/normal.py:160: Distribution.__init__ (from tensorflow.python.ops.distributions.distribution) is deprecated and will be removed after 2019-01-01.
Instructions for updating:
The TensorFlow Distributions library has moved to TensorFlow Probability (https://github.com/tensorflow/probability). You should update all references to use `tfp.distributions` instead of `tf.distributions`.
2020-06-03 17:33:33,551 [WARNING] From /home/jr/anaconda3/envs/chemopt/lib/python3.7/site-packages/tensorflow/contrib/distributions/python/ops/mvn_linear_operator.py:201: AffineLinearOperator.__init__ (from tensorflow.contrib.distributions.python.ops.bijectors.affine_linear_operator) is deprecated and will be removed after 2018-10-01.
Instructions for updating:
The TensorFlow Distributions library has moved to TensorFlow Probability (https://github.com/tensorflow/probability). You should update all references to use `tfp.distributions` instead of `tf.contrib.distributions`.
2020-06-03 17:33:33,552 [WARNING] From /home/jr/anaconda3/envs/chemopt/lib/python3.7/site-packages/tensorflow/contrib/distributions/python/ops/bijectors/affine_linear_operator.py:158: _DistributionShape.__init__ (from tensorflow.contrib.distributions.python.ops.shape) is deprecated and will be removed after 2018-10-01.
Instructions for updating:
The TensorFlow Distributions library has moved to TensorFlow Probability (https://github.com/tensorflow/probability). You should update all references to use `tfp.distributions` instead of `tf.contrib.distributions`.
2020-06-03 17:33:33,556 [WARNING] From /home/jr/anaconda3/envs/chemopt/lib/python3.7/site-packages/tensorflow/contrib/distributions/python/ops/mvn_linear_operator.py:205: TransformedDistribution.__init__ (from tensorflow.python.ops.distributions.transformed_distribution) is deprecated and will be removed after 2019-01-01.
Instructions for updating:
The TensorFlow Distributions library has moved to TensorFlow Probability (https://github.com/tensorflow/probability). You should update all references to use `tfp.distributions` instead of `tf.distributions`.
2020-06-03 17:33:33,740 [INFO] Reading model parameters from /home/jr/Desktop/Branches/chemopt/chemopt/save/1-5999.
2020-06-03 17:33:33,741 [WARNING] From /home/jr/anaconda3/envs/chemopt/lib/python3.7/site-packages/tensorflow/python/training/saver.py:1266: checkpoint_exists (from tensorflow.python.training.checkpoint_management) is deprecated and will be removed in a future version.
Instructions for updating:
Use standard file APIs to check for files with this prefix.
2020-06-03 17:33:33,743 [INFO] Restoring parameters from /home/jr/Desktop/Branches/chemopt/chemopt/save/1-5999
