2020-06-03 17:07:04,949 [WARNING] From /home/jr/Desktop/Branches/chemopt/chemopt/rnn.py:100: MultiRNNCell.__init__ (from tensorflow.python.ops.rnn_cell_impl) is deprecated and will be removed in a future version.
Instructions for updating:
This class is equivalent as tf.keras.layers.StackedRNNCells, and will be replaced by that in Tensorflow 2.0.
2020-06-03 17:07:05,008 [WARNING] From /home/jr/anaconda3/envs/chemopt/lib/python3.7/site-packages/tensorflow/python/framework/op_def_library.py:263: colocate_with (from tensorflow.python.framework.ops) is deprecated and will be removed in a future version.
Instructions for updating:
Colocations handled automatically by placer.
2020-06-03 17:07:05,137 [WARNING] From /home/jr/Desktop/Branches/chemopt/chemopt/rnn.py:118: MultivariateNormalTriL.__init__ (from tensorflow.contrib.distributions.python.ops.mvn_tril) is deprecated and will be removed after 2018-10-01.
Instructions for updating:
The TensorFlow Distributions library has moved to TensorFlow Probability (https://github.com/tensorflow/probability). You should update all references to use `tfp.distributions` instead of `tf.contrib.distributions`.
2020-06-03 17:07:05,141 [WARNING] From /home/jr/anaconda3/envs/chemopt/lib/python3.7/site-packages/tensorflow/contrib/distributions/python/ops/mvn_tril.py:222: MultivariateNormalLinearOperator.__init__ (from tensorflow.contrib.distributions.python.ops.mvn_linear_operator) is deprecated and will be removed after 2018-10-01.
Instructions for updating:
The TensorFlow Distributions library has moved to TensorFlow Probability (https://github.com/tensorflow/probability). You should update all references to use `tfp.distributions` instead of `tf.contrib.distributions`.
2020-06-03 17:07:05,146 [WARNING] From /home/jr/anaconda3/envs/chemopt/lib/python3.7/site-packages/tensorflow/contrib/distributions/python/ops/mvn_linear_operator.py:199: Normal.__init__ (from tensorflow.python.ops.distributions.normal) is deprecated and will be removed after 2019-01-01.
Instructions for updating:
The TensorFlow Distributions library has moved to TensorFlow Probability (https://github.com/tensorflow/probability). You should update all references to use `tfp.distributions` instead of `tf.distributions`.
2020-06-03 17:07:05,151 [WARNING] From /home/jr/anaconda3/envs/chemopt/lib/python3.7/site-packages/tensorflow/python/ops/distributions/normal.py:160: Distribution.__init__ (from tensorflow.python.ops.distributions.distribution) is deprecated and will be removed after 2019-01-01.
Instructions for updating:
The TensorFlow Distributions library has moved to TensorFlow Probability (https://github.com/tensorflow/probability). You should update all references to use `tfp.distributions` instead of `tf.distributions`.
2020-06-03 17:07:05,153 [WARNING] From /home/jr/anaconda3/envs/chemopt/lib/python3.7/site-packages/tensorflow/contrib/distributions/python/ops/mvn_linear_operator.py:201: AffineLinearOperator.__init__ (from tensorflow.contrib.distributions.python.ops.bijectors.affine_linear_operator) is deprecated and will be removed after 2018-10-01.
Instructions for updating:
The TensorFlow Distributions library has moved to TensorFlow Probability (https://github.com/tensorflow/probability). You should update all references to use `tfp.distributions` instead of `tf.contrib.distributions`.
2020-06-03 17:07:05,154 [WARNING] From /home/jr/anaconda3/envs/chemopt/lib/python3.7/site-packages/tensorflow/contrib/distributions/python/ops/bijectors/affine_linear_operator.py:158: _DistributionShape.__init__ (from tensorflow.contrib.distributions.python.ops.shape) is deprecated and will be removed after 2018-10-01.
Instructions for updating:
The TensorFlow Distributions library has moved to TensorFlow Probability (https://github.com/tensorflow/probability). You should update all references to use `tfp.distributions` instead of `tf.contrib.distributions`.
2020-06-03 17:07:05,157 [WARNING] From /home/jr/anaconda3/envs/chemopt/lib/python3.7/site-packages/tensorflow/contrib/distributions/python/ops/mvn_linear_operator.py:205: TransformedDistribution.__init__ (from tensorflow.python.ops.distributions.transformed_distribution) is deprecated and will be removed after 2019-01-01.
Instructions for updating:
The TensorFlow Distributions library has moved to TensorFlow Probability (https://github.com/tensorflow/probability). You should update all references to use `tfp.distributions` instead of `tf.distributions`.
2020-06-03 17:12:12,602 [WARNING] From /home/jr/Desktop/Branches/chemopt/chemopt/rnn.py:100: MultiRNNCell.__init__ (from tensorflow.python.ops.rnn_cell_impl) is deprecated and will be removed in a future version.
Instructions for updating:
This class is equivalent as tf.keras.layers.StackedRNNCells, and will be replaced by that in Tensorflow 2.0.
2020-06-03 17:12:12,659 [WARNING] From /home/jr/anaconda3/envs/chemopt/lib/python3.7/site-packages/tensorflow/python/framework/op_def_library.py:263: colocate_with (from tensorflow.python.framework.ops) is deprecated and will be removed in a future version.
Instructions for updating:
Colocations handled automatically by placer.
2020-06-03 17:12:12,768 [WARNING] From /home/jr/Desktop/Branches/chemopt/chemopt/rnn.py:118: MultivariateNormalTriL.__init__ (from tensorflow.contrib.distributions.python.ops.mvn_tril) is deprecated and will be removed after 2018-10-01.
Instructions for updating:
The TensorFlow Distributions library has moved to TensorFlow Probability (https://github.com/tensorflow/probability). You should update all references to use `tfp.distributions` instead of `tf.contrib.distributions`.
2020-06-03 17:12:12,773 [WARNING] From /home/jr/anaconda3/envs/chemopt/lib/python3.7/site-packages/tensorflow/contrib/distributions/python/ops/mvn_tril.py:222: MultivariateNormalLinearOperator.__init__ (from tensorflow.contrib.distributions.python.ops.mvn_linear_operator) is deprecated and will be removed after 2018-10-01.
Instructions for updating:
The TensorFlow Distributions library has moved to TensorFlow Probability (https://github.com/tensorflow/probability). You should update all references to use `tfp.distributions` instead of `tf.contrib.distributions`.
2020-06-03 17:12:12,779 [WARNING] From /home/jr/anaconda3/envs/chemopt/lib/python3.7/site-packages/tensorflow/contrib/distributions/python/ops/mvn_linear_operator.py:199: Normal.__init__ (from tensorflow.python.ops.distributions.normal) is deprecated and will be removed after 2019-01-01.
Instructions for updating:
The TensorFlow Distributions library has moved to TensorFlow Probability (https://github.com/tensorflow/probability). You should update all references to use `tfp.distributions` instead of `tf.distributions`.
2020-06-03 17:12:12,782 [WARNING] From /home/jr/anaconda3/envs/chemopt/lib/python3.7/site-packages/tensorflow/python/ops/distributions/normal.py:160: Distribution.__init__ (from tensorflow.python.ops.distributions.distribution) is deprecated and will be removed after 2019-01-01.
Instructions for updating:
The TensorFlow Distributions library has moved to TensorFlow Probability (https://github.com/tensorflow/probability). You should update all references to use `tfp.distributions` instead of `tf.distributions`.
2020-06-03 17:12:12,782 [WARNING] From /home/jr/anaconda3/envs/chemopt/lib/python3.7/site-packages/tensorflow/contrib/distributions/python/ops/mvn_linear_operator.py:201: AffineLinearOperator.__init__ (from tensorflow.contrib.distributions.python.ops.bijectors.affine_linear_operator) is deprecated and will be removed after 2018-10-01.
Instructions for updating:
The TensorFlow Distributions library has moved to TensorFlow Probability (https://github.com/tensorflow/probability). You should update all references to use `tfp.distributions` instead of `tf.contrib.distributions`.
2020-06-03 17:12:12,783 [WARNING] From /home/jr/anaconda3/envs/chemopt/lib/python3.7/site-packages/tensorflow/contrib/distributions/python/ops/bijectors/affine_linear_operator.py:158: _DistributionShape.__init__ (from tensorflow.contrib.distributions.python.ops.shape) is deprecated and will be removed after 2018-10-01.
Instructions for updating:
The TensorFlow Distributions library has moved to TensorFlow Probability (https://github.com/tensorflow/probability). You should update all references to use `tfp.distributions` instead of `tf.contrib.distributions`.
2020-06-03 17:12:12,787 [WARNING] From /home/jr/anaconda3/envs/chemopt/lib/python3.7/site-packages/tensorflow/contrib/distributions/python/ops/mvn_linear_operator.py:205: TransformedDistribution.__init__ (from tensorflow.python.ops.distributions.transformed_distribution) is deprecated and will be removed after 2019-01-01.
Instructions for updating:
The TensorFlow Distributions library has moved to TensorFlow Probability (https://github.com/tensorflow/probability). You should update all references to use `tfp.distributions` instead of `tf.distributions`.
2020-06-03 17:13:52,468 [WARNING] From /home/jr/Desktop/Branches/chemopt/chemopt/rnn.py:100: MultiRNNCell.__init__ (from tensorflow.python.ops.rnn_cell_impl) is deprecated and will be removed in a future version.
Instructions for updating:
This class is equivalent as tf.keras.layers.StackedRNNCells, and will be replaced by that in Tensorflow 2.0.
2020-06-03 17:13:52,521 [WARNING] From /home/jr/anaconda3/envs/chemopt/lib/python3.7/site-packages/tensorflow/python/framework/op_def_library.py:263: colocate_with (from tensorflow.python.framework.ops) is deprecated and will be removed in a future version.
Instructions for updating:
Colocations handled automatically by placer.
2020-06-03 17:13:52,623 [WARNING] From /home/jr/Desktop/Branches/chemopt/chemopt/rnn.py:118: MultivariateNormalTriL.__init__ (from tensorflow.contrib.distributions.python.ops.mvn_tril) is deprecated and will be removed after 2018-10-01.
Instructions for updating:
The TensorFlow Distributions library has moved to TensorFlow Probability (https://github.com/tensorflow/probability). You should update all references to use `tfp.distributions` instead of `tf.contrib.distributions`.
2020-06-03 17:13:52,627 [WARNING] From /home/jr/anaconda3/envs/chemopt/lib/python3.7/site-packages/tensorflow/contrib/distributions/python/ops/mvn_tril.py:222: MultivariateNormalLinearOperator.__init__ (from tensorflow.contrib.distributions.python.ops.mvn_linear_operator) is deprecated and will be removed after 2018-10-01.
Instructions for updating:
The TensorFlow Distributions library has moved to TensorFlow Probability (https://github.com/tensorflow/probability). You should update all references to use `tfp.distributions` instead of `tf.contrib.distributions`.
2020-06-03 17:13:52,632 [WARNING] From /home/jr/anaconda3/envs/chemopt/lib/python3.7/site-packages/tensorflow/contrib/distributions/python/ops/mvn_linear_operator.py:199: Normal.__init__ (from tensorflow.python.ops.distributions.normal) is deprecated and will be removed after 2019-01-01.
Instructions for updating:
The TensorFlow Distributions library has moved to TensorFlow Probability (https://github.com/tensorflow/probability). You should update all references to use `tfp.distributions` instead of `tf.distributions`.
2020-06-03 17:13:52,634 [WARNING] From /home/jr/anaconda3/envs/chemopt/lib/python3.7/site-packages/tensorflow/python/ops/distributions/normal.py:160: Distribution.__init__ (from tensorflow.python.ops.distributions.distribution) is deprecated and will be removed after 2019-01-01.
Instructions for updating:
The TensorFlow Distributions library has moved to TensorFlow Probability (https://github.com/tensorflow/probability). You should update all references to use `tfp.distributions` instead of `tf.distributions`.
2020-06-03 17:13:52,635 [WARNING] From /home/jr/anaconda3/envs/chemopt/lib/python3.7/site-packages/tensorflow/contrib/distributions/python/ops/mvn_linear_operator.py:201: AffineLinearOperator.__init__ (from tensorflow.contrib.distributions.python.ops.bijectors.affine_linear_operator) is deprecated and will be removed after 2018-10-01.
Instructions for updating:
The TensorFlow Distributions library has moved to TensorFlow Probability (https://github.com/tensorflow/probability). You should update all references to use `tfp.distributions` instead of `tf.contrib.distributions`.
2020-06-03 17:13:52,635 [WARNING] From /home/jr/anaconda3/envs/chemopt/lib/python3.7/site-packages/tensorflow/contrib/distributions/python/ops/bijectors/affine_linear_operator.py:158: _DistributionShape.__init__ (from tensorflow.contrib.distributions.python.ops.shape) is deprecated and will be removed after 2018-10-01.
Instructions for updating:
The TensorFlow Distributions library has moved to TensorFlow Probability (https://github.com/tensorflow/probability). You should update all references to use `tfp.distributions` instead of `tf.contrib.distributions`.
2020-06-03 17:13:52,640 [WARNING] From /home/jr/anaconda3/envs/chemopt/lib/python3.7/site-packages/tensorflow/contrib/distributions/python/ops/mvn_linear_operator.py:205: TransformedDistribution.__init__ (from tensorflow.python.ops.distributions.transformed_distribution) is deprecated and will be removed after 2019-01-01.
Instructions for updating:
The TensorFlow Distributions library has moved to TensorFlow Probability (https://github.com/tensorflow/probability). You should update all references to use `tfp.distributions` instead of `tf.distributions`.
2020-06-03 17:19:43,664 [WARNING] From /home/jr/Desktop/Branches/chemopt/chemopt/rnn.py:100: MultiRNNCell.__init__ (from tensorflow.python.ops.rnn_cell_impl) is deprecated and will be removed in a future version.
Instructions for updating:
This class is equivalent as tf.keras.layers.StackedRNNCells, and will be replaced by that in Tensorflow 2.0.
2020-06-03 17:19:43,716 [WARNING] From /home/jr/anaconda3/envs/chemopt/lib/python3.7/site-packages/tensorflow/python/framework/op_def_library.py:263: colocate_with (from tensorflow.python.framework.ops) is deprecated and will be removed in a future version.
Instructions for updating:
Colocations handled automatically by placer.
2020-06-03 17:19:43,822 [WARNING] From /home/jr/Desktop/Branches/chemopt/chemopt/rnn.py:118: MultivariateNormalTriL.__init__ (from tensorflow.contrib.distributions.python.ops.mvn_tril) is deprecated and will be removed after 2018-10-01.
Instructions for updating:
The TensorFlow Distributions library has moved to TensorFlow Probability (https://github.com/tensorflow/probability). You should update all references to use `tfp.distributions` instead of `tf.contrib.distributions`.
2020-06-03 17:19:43,827 [WARNING] From /home/jr/anaconda3/envs/chemopt/lib/python3.7/site-packages/tensorflow/contrib/distributions/python/ops/mvn_tril.py:222: MultivariateNormalLinearOperator.__init__ (from tensorflow.contrib.distributions.python.ops.mvn_linear_operator) is deprecated and will be removed after 2018-10-01.
Instructions for updating:
The TensorFlow Distributions library has moved to TensorFlow Probability (https://github.com/tensorflow/probability). You should update all references to use `tfp.distributions` instead of `tf.contrib.distributions`.
2020-06-03 17:19:43,833 [WARNING] From /home/jr/anaconda3/envs/chemopt/lib/python3.7/site-packages/tensorflow/contrib/distributions/python/ops/mvn_linear_operator.py:199: Normal.__init__ (from tensorflow.python.ops.distributions.normal) is deprecated and will be removed after 2019-01-01.
Instructions for updating:
The TensorFlow Distributions library has moved to TensorFlow Probability (https://github.com/tensorflow/probability). You should update all references to use `tfp.distributions` instead of `tf.distributions`.
2020-06-03 17:19:43,835 [WARNING] From /home/jr/anaconda3/envs/chemopt/lib/python3.7/site-packages/tensorflow/python/ops/distributions/normal.py:160: Distribution.__init__ (from tensorflow.python.ops.distributions.distribution) is deprecated and will be removed after 2019-01-01.
Instructions for updating:
The TensorFlow Distributions library has moved to TensorFlow Probability (https://github.com/tensorflow/probability). You should update all references to use `tfp.distributions` instead of `tf.distributions`.
2020-06-03 17:19:43,836 [WARNING] From /home/jr/anaconda3/envs/chemopt/lib/python3.7/site-packages/tensorflow/contrib/distributions/python/ops/mvn_linear_operator.py:201: AffineLinearOperator.__init__ (from tensorflow.contrib.distributions.python.ops.bijectors.affine_linear_operator) is deprecated and will be removed after 2018-10-01.
Instructions for updating:
The TensorFlow Distributions library has moved to TensorFlow Probability (https://github.com/tensorflow/probability). You should update all references to use `tfp.distributions` instead of `tf.contrib.distributions`.
2020-06-03 17:19:43,837 [WARNING] From /home/jr/anaconda3/envs/chemopt/lib/python3.7/site-packages/tensorflow/contrib/distributions/python/ops/bijectors/affine_linear_operator.py:158: _DistributionShape.__init__ (from tensorflow.contrib.distributions.python.ops.shape) is deprecated and will be removed after 2018-10-01.
Instructions for updating:
The TensorFlow Distributions library has moved to TensorFlow Probability (https://github.com/tensorflow/probability). You should update all references to use `tfp.distributions` instead of `tf.contrib.distributions`.
2020-06-03 17:19:43,841 [WARNING] From /home/jr/anaconda3/envs/chemopt/lib/python3.7/site-packages/tensorflow/contrib/distributions/python/ops/mvn_linear_operator.py:205: TransformedDistribution.__init__ (from tensorflow.python.ops.distributions.transformed_distribution) is deprecated and will be removed after 2019-01-01.
Instructions for updating:
The TensorFlow Distributions library has moved to TensorFlow Probability (https://github.com/tensorflow/probability). You should update all references to use `tfp.distributions` instead of `tf.distributions`.
2020-06-03 17:23:48,518 [WARNING] From /home/jr/Desktop/Branches/chemopt/chemopt/rnn.py:100: MultiRNNCell.__init__ (from tensorflow.python.ops.rnn_cell_impl) is deprecated and will be removed in a future version.
Instructions for updating:
This class is equivalent as tf.keras.layers.StackedRNNCells, and will be replaced by that in Tensorflow 2.0.
2020-06-03 17:23:48,566 [WARNING] From /home/jr/anaconda3/envs/chemopt/lib/python3.7/site-packages/tensorflow/python/framework/op_def_library.py:263: colocate_with (from tensorflow.python.framework.ops) is deprecated and will be removed in a future version.
Instructions for updating:
Colocations handled automatically by placer.
2020-06-03 17:23:48,670 [WARNING] From /home/jr/Desktop/Branches/chemopt/chemopt/rnn.py:118: MultivariateNormalTriL.__init__ (from tensorflow.contrib.distributions.python.ops.mvn_tril) is deprecated and will be removed after 2018-10-01.
Instructions for updating:
The TensorFlow Distributions library has moved to TensorFlow Probability (https://github.com/tensorflow/probability). You should update all references to use `tfp.distributions` instead of `tf.contrib.distributions`.
2020-06-03 17:23:48,674 [WARNING] From /home/jr/anaconda3/envs/chemopt/lib/python3.7/site-packages/tensorflow/contrib/distributions/python/ops/mvn_tril.py:222: MultivariateNormalLinearOperator.__init__ (from tensorflow.contrib.distributions.python.ops.mvn_linear_operator) is deprecated and will be removed after 2018-10-01.
Instructions for updating:
The TensorFlow Distributions library has moved to TensorFlow Probability (https://github.com/tensorflow/probability). You should update all references to use `tfp.distributions` instead of `tf.contrib.distributions`.
2020-06-03 17:23:48,680 [WARNING] From /home/jr/anaconda3/envs/chemopt/lib/python3.7/site-packages/tensorflow/contrib/distributions/python/ops/mvn_linear_operator.py:199: Normal.__init__ (from tensorflow.python.ops.distributions.normal) is deprecated and will be removed after 2019-01-01.
Instructions for updating:
The TensorFlow Distributions library has moved to TensorFlow Probability (https://github.com/tensorflow/probability). You should update all references to use `tfp.distributions` instead of `tf.distributions`.
2020-06-03 17:23:48,682 [WARNING] From /home/jr/anaconda3/envs/chemopt/lib/python3.7/site-packages/tensorflow/python/ops/distributions/normal.py:160: Distribution.__init__ (from tensorflow.python.ops.distributions.distribution) is deprecated and will be removed after 2019-01-01.
Instructions for updating:
The TensorFlow Distributions library has moved to TensorFlow Probability (https://github.com/tensorflow/probability). You should update all references to use `tfp.distributions` instead of `tf.distributions`.
2020-06-03 17:23:48,682 [WARNING] From /home/jr/anaconda3/envs/chemopt/lib/python3.7/site-packages/tensorflow/contrib/distributions/python/ops/mvn_linear_operator.py:201: AffineLinearOperator.__init__ (from tensorflow.contrib.distributions.python.ops.bijectors.affine_linear_operator) is deprecated and will be removed after 2018-10-01.
Instructions for updating:
The TensorFlow Distributions library has moved to TensorFlow Probability (https://github.com/tensorflow/probability). You should update all references to use `tfp.distributions` instead of `tf.contrib.distributions`.
2020-06-03 17:23:48,683 [WARNING] From /home/jr/anaconda3/envs/chemopt/lib/python3.7/site-packages/tensorflow/contrib/distributions/python/ops/bijectors/affine_linear_operator.py:158: _DistributionShape.__init__ (from tensorflow.contrib.distributions.python.ops.shape) is deprecated and will be removed after 2018-10-01.
Instructions for updating:
The TensorFlow Distributions library has moved to TensorFlow Probability (https://github.com/tensorflow/probability). You should update all references to use `tfp.distributions` instead of `tf.contrib.distributions`.
2020-06-03 17:23:48,688 [WARNING] From /home/jr/anaconda3/envs/chemopt/lib/python3.7/site-packages/tensorflow/contrib/distributions/python/ops/mvn_linear_operator.py:205: TransformedDistribution.__init__ (from tensorflow.python.ops.distributions.transformed_distribution) is deprecated and will be removed after 2019-01-01.
Instructions for updating:
The TensorFlow Distributions library has moved to TensorFlow Probability (https://github.com/tensorflow/probability). You should update all references to use `tfp.distributions` instead of `tf.distributions`.
2020-06-03 17:34:04,107 [WARNING] From /home/jr/Desktop/Branches/chemopt/chemopt/rnn.py:100: MultiRNNCell.__init__ (from tensorflow.python.ops.rnn_cell_impl) is deprecated and will be removed in a future version.
Instructions for updating:
This class is equivalent as tf.keras.layers.StackedRNNCells, and will be replaced by that in Tensorflow 2.0.
2020-06-03 17:34:04,156 [WARNING] From /home/jr/anaconda3/envs/chemopt/lib/python3.7/site-packages/tensorflow/python/framework/op_def_library.py:263: colocate_with (from tensorflow.python.framework.ops) is deprecated and will be removed in a future version.
Instructions for updating:
Colocations handled automatically by placer.
2020-06-03 17:34:04,257 [WARNING] From /home/jr/Desktop/Branches/chemopt/chemopt/rnn.py:118: MultivariateNormalTriL.__init__ (from tensorflow.contrib.distributions.python.ops.mvn_tril) is deprecated and will be removed after 2018-10-01.
Instructions for updating:
The TensorFlow Distributions library has moved to TensorFlow Probability (https://github.com/tensorflow/probability). You should update all references to use `tfp.distributions` instead of `tf.contrib.distributions`.
2020-06-03 17:34:04,261 [WARNING] From /home/jr/anaconda3/envs/chemopt/lib/python3.7/site-packages/tensorflow/contrib/distributions/python/ops/mvn_tril.py:222: MultivariateNormalLinearOperator.__init__ (from tensorflow.contrib.distributions.python.ops.mvn_linear_operator) is deprecated and will be removed after 2018-10-01.
Instructions for updating:
The TensorFlow Distributions library has moved to TensorFlow Probability (https://github.com/tensorflow/probability). You should update all references to use `tfp.distributions` instead of `tf.contrib.distributions`.
2020-06-03 17:34:04,267 [WARNING] From /home/jr/anaconda3/envs/chemopt/lib/python3.7/site-packages/tensorflow/contrib/distributions/python/ops/mvn_linear_operator.py:199: Normal.__init__ (from tensorflow.python.ops.distributions.normal) is deprecated and will be removed after 2019-01-01.
Instructions for updating:
The TensorFlow Distributions library has moved to TensorFlow Probability (https://github.com/tensorflow/probability). You should update all references to use `tfp.distributions` instead of `tf.distributions`.
2020-06-03 17:34:04,269 [WARNING] From /home/jr/anaconda3/envs/chemopt/lib/python3.7/site-packages/tensorflow/python/ops/distributions/normal.py:160: Distribution.__init__ (from tensorflow.python.ops.distributions.distribution) is deprecated and will be removed after 2019-01-01.
Instructions for updating:
The TensorFlow Distributions library has moved to TensorFlow Probability (https://github.com/tensorflow/probability). You should update all references to use `tfp.distributions` instead of `tf.distributions`.
2020-06-03 17:34:04,270 [WARNING] From /home/jr/anaconda3/envs/chemopt/lib/python3.7/site-packages/tensorflow/contrib/distributions/python/ops/mvn_linear_operator.py:201: AffineLinearOperator.__init__ (from tensorflow.contrib.distributions.python.ops.bijectors.affine_linear_operator) is deprecated and will be removed after 2018-10-01.
Instructions for updating:
The TensorFlow Distributions library has moved to TensorFlow Probability (https://github.com/tensorflow/probability). You should update all references to use `tfp.distributions` instead of `tf.contrib.distributions`.
2020-06-03 17:34:04,270 [WARNING] From /home/jr/anaconda3/envs/chemopt/lib/python3.7/site-packages/tensorflow/contrib/distributions/python/ops/bijectors/affine_linear_operator.py:158: _DistributionShape.__init__ (from tensorflow.contrib.distributions.python.ops.shape) is deprecated and will be removed after 2018-10-01.
Instructions for updating:
The TensorFlow Distributions library has moved to TensorFlow Probability (https://github.com/tensorflow/probability). You should update all references to use `tfp.distributions` instead of `tf.contrib.distributions`.
2020-06-03 17:34:04,276 [WARNING] From /home/jr/anaconda3/envs/chemopt/lib/python3.7/site-packages/tensorflow/contrib/distributions/python/ops/mvn_linear_operator.py:205: TransformedDistribution.__init__ (from tensorflow.python.ops.distributions.transformed_distribution) is deprecated and will be removed after 2019-01-01.
Instructions for updating:
The TensorFlow Distributions library has moved to TensorFlow Probability (https://github.com/tensorflow/probability). You should update all references to use `tfp.distributions` instead of `tf.distributions`.
2020-06-03 17:34:04,479 [INFO] Reading model parameters from /home/jr/Desktop/Branches/chemopt/chemopt/save/1-5999.
2020-06-03 17:34:04,479 [WARNING] From /home/jr/anaconda3/envs/chemopt/lib/python3.7/site-packages/tensorflow/python/training/saver.py:1266: checkpoint_exists (from tensorflow.python.training.checkpoint_management) is deprecated and will be removed in a future version.
Instructions for updating:
Use standard file APIs to check for files with this prefix.
2020-06-03 17:34:04,481 [INFO] Restoring parameters from /home/jr/Desktop/Branches/chemopt/chemopt/save/1-5999
