2020-06-03 16:41:54,355 [WARNING] From /home/jr/Desktop/Branches/chemopt/chemopt/rnn.py:100: MultiRNNCell.__init__ (from tensorflow.python.ops.rnn_cell_impl) is deprecated and will be removed in a future version.
Instructions for updating:
This class is equivalent as tf.keras.layers.StackedRNNCells, and will be replaced by that in Tensorflow 2.0.
2020-06-03 16:41:54,420 [WARNING] From /home/jr/anaconda3/envs/chemopt/lib/python3.7/site-packages/tensorflow/python/framework/op_def_library.py:263: colocate_with (from tensorflow.python.framework.ops) is deprecated and will be removed in a future version.
Instructions for updating:
Colocations handled automatically by placer.
2020-06-03 16:41:54,532 [WARNING] From /home/jr/Desktop/Branches/chemopt/chemopt/rnn.py:118: MultivariateNormalTriL.__init__ (from tensorflow.contrib.distributions.python.ops.mvn_tril) is deprecated and will be removed after 2018-10-01.
Instructions for updating:
The TensorFlow Distributions library has moved to TensorFlow Probability (https://github.com/tensorflow/probability). You should update all references to use `tfp.distributions` instead of `tf.contrib.distributions`.
2020-06-03 16:41:54,536 [WARNING] From /home/jr/anaconda3/envs/chemopt/lib/python3.7/site-packages/tensorflow/contrib/distributions/python/ops/mvn_tril.py:222: MultivariateNormalLinearOperator.__init__ (from tensorflow.contrib.distributions.python.ops.mvn_linear_operator) is deprecated and will be removed after 2018-10-01.
Instructions for updating:
The TensorFlow Distributions library has moved to TensorFlow Probability (https://github.com/tensorflow/probability). You should update all references to use `tfp.distributions` instead of `tf.contrib.distributions`.
2020-06-03 16:41:54,542 [WARNING] From /home/jr/anaconda3/envs/chemopt/lib/python3.7/site-packages/tensorflow/contrib/distributions/python/ops/mvn_linear_operator.py:199: Normal.__init__ (from tensorflow.python.ops.distributions.normal) is deprecated and will be removed after 2019-01-01.
Instructions for updating:
The TensorFlow Distributions library has moved to TensorFlow Probability (https://github.com/tensorflow/probability). You should update all references to use `tfp.distributions` instead of `tf.distributions`.
2020-06-03 16:41:54,545 [WARNING] From /home/jr/anaconda3/envs/chemopt/lib/python3.7/site-packages/tensorflow/python/ops/distributions/normal.py:160: Distribution.__init__ (from tensorflow.python.ops.distributions.distribution) is deprecated and will be removed after 2019-01-01.
Instructions for updating:
The TensorFlow Distributions library has moved to TensorFlow Probability (https://github.com/tensorflow/probability). You should update all references to use `tfp.distributions` instead of `tf.distributions`.
2020-06-03 16:41:54,546 [WARNING] From /home/jr/anaconda3/envs/chemopt/lib/python3.7/site-packages/tensorflow/contrib/distributions/python/ops/mvn_linear_operator.py:201: AffineLinearOperator.__init__ (from tensorflow.contrib.distributions.python.ops.bijectors.affine_linear_operator) is deprecated and will be removed after 2018-10-01.
Instructions for updating:
The TensorFlow Distributions library has moved to TensorFlow Probability (https://github.com/tensorflow/probability). You should update all references to use `tfp.distributions` instead of `tf.contrib.distributions`.
2020-06-03 16:41:54,547 [WARNING] From /home/jr/anaconda3/envs/chemopt/lib/python3.7/site-packages/tensorflow/contrib/distributions/python/ops/bijectors/affine_linear_operator.py:158: _DistributionShape.__init__ (from tensorflow.contrib.distributions.python.ops.shape) is deprecated and will be removed after 2018-10-01.
Instructions for updating:
The TensorFlow Distributions library has moved to TensorFlow Probability (https://github.com/tensorflow/probability). You should update all references to use `tfp.distributions` instead of `tf.contrib.distributions`.
2020-06-03 16:41:54,552 [WARNING] From /home/jr/anaconda3/envs/chemopt/lib/python3.7/site-packages/tensorflow/contrib/distributions/python/ops/mvn_linear_operator.py:205: TransformedDistribution.__init__ (from tensorflow.python.ops.distributions.transformed_distribution) is deprecated and will be removed after 2019-01-01.
Instructions for updating:
The TensorFlow Distributions library has moved to TensorFlow Probability (https://github.com/tensorflow/probability). You should update all references to use `tfp.distributions` instead of `tf.distributions`.
2020-06-03 16:41:54,795 [INFO] Reading model parameters from ./save/1-5999.
2020-06-03 16:41:54,796 [WARNING] From /home/jr/anaconda3/envs/chemopt/lib/python3.7/site-packages/tensorflow/python/training/saver.py:1266: checkpoint_exists (from tensorflow.python.training.checkpoint_management) is deprecated and will be removed in a future version.
Instructions for updating:
Use standard file APIs to check for files with this prefix.
2020-06-03 16:41:54,799 [INFO] Restoring parameters from ./save/1-5999
